<?xml version="1.0" encoding="UTF-8"?>
<!-- Generated by org.testng.reporters.JUnitXMLReporter -->
<testsuite ignored="0" hostname="DESKTOP-96NUCQ1" failures="0" tests="0" name="Cucumber with TestNG Test" time="0.367" errors="0" timestamp="2023-07-26T13:28:32 IST">
  <testcase classname="io.cucumber.testng.AbstractTestNGCucumberTests" name="@BeforeClass setUpClass" time="0.317">
    <failure type="io.cucumber.core.gherkin.FeatureParserException" message="Failed to parse resource at: file:///C:/Users/bhara/eclipse-workspace/IntegrationOfCucumberWithSeleniumAndTestNG/src/test/resources/features/LoginPage.feature
(20:7): inconsistent cell count within the table">
      <![CDATA[io.cucumber.core.gherkin.FeatureParserException: Failed to parse resource at: file:///C:/Users/bhara/eclipse-workspace/IntegrationOfCucumberWithSeleniumAndTestNG/src/test/resources/features/LoginPage.feature
(20:7): inconsistent cell count within the table
at io.cucumber.core.gherkin.messages.GherkinMessagesFeatureParser.parse(GherkinMessagesFeatureParser.java:43)
at io.cucumber.core.feature.FeatureParser.parseResource(FeatureParser.java:45)
at java.base/java.util.function.BiFunction.lambda$andThen$0(BiFunction.java:70)
at io.cucumber.core.resource.ResourceScanner.lambda$processResource$1(ResourceScanner.java:79)
at io.cucumber.core.resource.PathScanner$ResourceFileVisitor.visitFile(PathScanner.java:75)
at io.cucumber.core.resource.PathScanner$ResourceFileVisitor.visitFile(PathScanner.java:60)
at java.base/java.nio.file.Files.walkFileTree(Files.java:2804)
at io.cucumber.core.resource.PathScanner.findResourcesForPath(PathScanner.java:53)
at io.cucumber.core.resource.PathScanner.findResourcesForUri(PathScanner.java:31)
at io.cucumber.core.resource.ResourceScanner.findResourcesForUri(ResourceScanner.java:61)
at io.cucumber.core.resource.ResourceScanner.scanForResourcesUri(ResourceScanner.java:134)
at io.cucumber.core.runtime.FeaturePathFeatureSupplier.loadFeatures(FeaturePathFeatureSupplier.java:62)
at io.cucumber.core.runtime.FeaturePathFeatureSupplier.get(FeaturePathFeatureSupplier.java:45)
at io.cucumber.testng.TestNGCucumberRunner.<init>(TestNGCucumberRunner.java:122)
at io.cucumber.testng.AbstractTestNGCucumberTests.setUpClass(AbstractTestNGCucumberTests.java:27)
at java.base/java.util.ArrayList.forEach(ArrayList.java:1511)
... Removed 29 stack frames]]>
    </failure>
  </testcase> <!-- @BeforeClass setUpClass -->
</testsuite> <!-- Cucumber with TestNG Test -->
